<?xml version="1.0" encoding="UTF-8"?>
<!-- Generated by org.testng.reporters.JUnitReportReporter -->
<testsuite hostname="DESKTOP-9I2KSRS" failures="0" tests="3" name="com.example.api.ApiTest" time="5.466" errors="0" timestamp="2024-12-01T18:16:43 GMT-05:00" skipped="0">
  <testcase classname="com.example.api.ApiTest" name="testPostRequest" time="0.254"/>
  <system-out/>
  <testcase classname="com.example.api.ApiTest" name="testGetRequest" time="0.162"/>
  <system-out/>
  <testcase classname="com.example.api.ApiTest" name="testAllPosts" time="5.050"/>
  <system-out/>
</testsuite> <!-- com.example.api.ApiTest -->
