<?xml version="1.0" encoding="UTF-8"?>
<!-- Generated by org.testng.reporters.JUnitReportReporter -->
<testsuite hostname="DESKTOP-9I2KSRS" failures="0" tests="3" name="com.example.api.ApiTest" time="5.382" errors="0" timestamp="2024-12-01T18:02:29 GMT-05:00" skipped="0">
  <testcase classname="com.example.api.ApiTest" name="testAllPosts" time="4.954"/>
  <system-out/>
  <testcase classname="com.example.api.ApiTest" name="testGetRequest" time="0.159"/>
  <system-out/>
  <testcase classname="com.example.api.ApiTest" name="testPostRequest" time="0.269"/>
  <system-out/>
</testsuite> <!-- com.example.api.ApiTest -->
